<?xml version="1.0" encoding="UTF-8"?>
<!-- Generated by org.testng.reporters.JUnitReportReporter -->
<testsuite hostname="DESKTOP-B371L1B" failures="0" tests="1" name="DataBaseIntegrationTesting.DataBaseTestingClass" time="0.868" errors="0" timestamp="2024-05-18T16:50:00 IST" skipped="0">
  <testcase classname="DataBaseIntegrationTesting.DataBaseTestingClass" name="datatest" time="0.868"/>
  <system-out/>
</testsuite> <!-- DataBaseIntegrationTesting.DataBaseTestingClass -->
