<?xml version="1.0" encoding="UTF-8"?>
<!-- Generated by org.testng.reporters.JUnitReportReporter -->
<testsuite hostname="DESKTOP-B371L1B" failures="0" tests="7" name="TestClass.LoginTest" time="28.853" errors="0" timestamp="2024-05-18T16:50:00 IST" skipped="0">
  <testcase classname="TestClass.LoginTest" name="loginTestValids" time="5.358"/>
  <system-out/>
  <testcase classname="TestClass.LoginTest" name="PasswordFieldDisplayedValidtion" time="0.042"/>
  <system-out/>
  <testcase classname="TestClass.LoginTest" name="loginTestValids" time="12.553"/>
  <system-out/>
  <testcase classname="TestClass.LoginTest" name="loginTestValids" time="5.229"/>
  <system-out/>
  <testcase classname="TestClass.LoginTest" name="LogInBtnDisplayValidtion" time="0.083"/>
  <system-out/>
  <testcase classname="TestClass.LoginTest" name="EmailFieldDisplayedValidation" time="0.084"/>
  <system-out/>
  <testcase classname="TestClass.LoginTest" name="loginTestValids" time="5.504"/>
  <system-out/>
</testsuite> <!-- TestClass.LoginTest -->
