<?xml version="1.0" encoding="UTF-8"?>
<!-- Generated by org.testng.reporters.JUnitReportReporter -->
<testsuite hostname="DESKTOP-B371L1B" failures="0" tests="7" name="TestClass.RegPageTest" time="113.931" errors="0" timestamp="2024-05-18T16:50:00 IST" skipped="0">
  <testcase classname="TestClass.RegPageTest" name="RegTest" time="22.145"/>
  <system-out/>
  <testcase classname="TestClass.RegPageTest" name="RegTest" time="21.818"/>
  <system-out/>
  <testcase classname="TestClass.RegPageTest" name="RegTest" time="6.297"/>
  <system-out/>
  <testcase classname="TestClass.RegPageTest" name="RegTest" time="17.500"/>
  <system-out/>
  <testcase classname="TestClass.RegPageTest" name="RegTest" time="6.317"/>
  <system-out/>
  <testcase classname="TestClass.RegPageTest" name="RegTest" time="19.006"/>
  <system-out/>
  <testcase classname="TestClass.RegPageTest" name="RegTest" time="20.848"/>
  <system-out/>
</testsuite> <!-- TestClass.RegPageTest -->
