<?xml version="1.0" encoding="UTF-8"?>
<!-- Generated by org.testng.reporters.JUnitReportReporter -->
<testsuite hostname="DESKTOP-B371L1B" failures="0" tests="8" name="TestClass.IndexPageTest" time="31.767" errors="0" timestamp="2024-05-18T16:50:00 IST" skipped="0">
  <testcase classname="TestClass.IndexPageTest" name="Seachproduct" time="8.960"/>
  <system-out/>
  <testcase classname="TestClass.IndexPageTest" name="RegBtnClickValidate" time="6.860"/>
  <system-out/>
  <testcase classname="TestClass.IndexPageTest" name="ClickOnShoppingCartValidation" time="5.336"/>
  <system-out/>
  <testcase classname="TestClass.IndexPageTest" name="nopCommerceLogoDispValidate" time="0.179"/>
  <system-out/>
  <testcase classname="TestClass.IndexPageTest" name="ClickOnWishListValidation" time="3.324"/>
  <system-out/>
  <testcase classname="TestClass.IndexPageTest" name="logInBtn" time="5.965"/>
  <system-out/>
  <testcase classname="TestClass.IndexPageTest" name="RegBtnDisplayedValidate" time="0.151"/>
  <system-out/>
  <testcase classname="TestClass.IndexPageTest" name="TitleValidate" time="0.992"/>
  <system-out/>
</testsuite> <!-- TestClass.IndexPageTest -->
